#
# There is insufficient memory for the Java Runtime Environment to continue.
# Native memory allocation (malloc) failed to allocate 641936 bytes. Error detail: Chunk::new
# Possible reasons:
#   The system is out of physical RAM or swap space
#   This process is running with CompressedOops enabled, and the Java Heap may be blocking the growth of the native heap
# Possible solutions:
#   Reduce memory load on the system
#   Increase physical memory or swap space
#   Check if swap backing store is full
#   Decrease Java heap size (-Xmx/-Xms)
#   Decrease number of Java threads
#   Decrease Java thread stack sizes (-Xss)
#   Set larger code cache with -XX:ReservedCodeCacheSize=
#   JVM is running with Zero Based Compressed Oops mode in which the Java heap is
#     placed in the first 32GB address space. The Java Heap base address is the
#     maximum limit for the native heap growth. Please use -XX:HeapBaseMinAddress
#     to set the Java Heap base and to place the Java Heap above 32GB virtual address.
# This output file may be truncated or incomplete.
#
#  Out of Memory Error (arena.cpp:191), pid=27940, tid=14696
#
# JRE version: OpenJDK Runtime Environment Corretto-17.0.12.7.1 (17.0.12+7) (build 17.0.12+7-LTS)
# Java VM: OpenJDK 64-Bit Server VM Corretto-17.0.12.7.1 (17.0.12+7-LTS, mixed mode, sharing, tiered, compressed oops, compressed class ptrs, g1 gc, windows-amd64)
# No core dump will be written. Minidumps are not enabled by default on client versions of Windows
#

---------------  S U M M A R Y ------------

Command Line: -javaagent:C:\Program Files\JetBrains\IntelliJ IDEA 2020.2.1\lib\idea_rt.jar=11841:C:\Program Files\JetBrains\IntelliJ IDEA 2020.2.1\bin -Dfile.encoding=UTF-8 com.xiuxian.xiuxianserver.util.JsonExporter

Host: Intel(R) Core(TM) i7-8700K CPU @ 3.70GHz, 12 cores, 31G,  Windows 10 , 64 bit Build 18362 (10.0.18362.1110)
Time: Sun Nov 24 14:41:03 2024 中国标准时间 elapsed time: 0.884691 seconds (0d 0h 0m 0s)

---------------  T H R E A D  ---------------

Current thread (0x000001e9e00b8310):  JavaThread "C2 CompilerThread0" daemon [_thread_in_native, id=14696, stack(0x000000b28e800000,0x000000b28e900000)]


Current CompileTask:
C2:    884 1347       4       jdk.internal.org.objectweb.asm.Frame::execute (2305 bytes)

Stack: [0x000000b28e800000,0x000000b28e900000]
Native frames: (J=compiled Java code, j=interpreted, Vv=VM code, C=native code)
V  [jvm.dll+0x67f4f9]
V  [jvm.dll+0x836eaa]
V  [jvm.dll+0x83896e]
V  [jvm.dll+0x838fd3]
V  [jvm.dll+0x247f6f]
V  [jvm.dll+0xac9d4]
V  [jvm.dll+0xad01c]
V  [jvm.dll+0x2af56f]
V  [jvm.dll+0x5864f7]
V  [jvm.dll+0x222e12]
V  [jvm.dll+0x21bd0d]
V  [jvm.dll+0x219831]
V  [jvm.dll+0x1a57bd]
V  [jvm.dll+0x22966d]
V  [jvm.dll+0x22781c]
V  [jvm.dll+0x7ebec7]
V  [jvm.dll+0x7e62ac]
V  [jvm.dll+0x67e3c7]
C  [ucrtbase.dll+0x210b2]
C  [KERNEL32.DLL+0x17c24]
C  [ntdll.dll+0x6d4d1]


---------------  P R O C E S S  ---------------

Threads class SMR info:
_java_thread_list=0x000001e9e56681f0, length=16, elements={
0x000001e9edeacd10, 0x000001e9e008f830, 0x000001e9e00902c0, 0x000001e9e00a9320,
0x000001e9e00ab110, 0x000001e9e00b0ae0, 0x000001e9e00b0ff0, 0x000001e9e00b8310,
0x000001e9e00e2e70, 0x000001e9e00e6780, 0x000001e9e00ad840, 0x000001e9e01ff1f0,
0x000001e9e00afbb0, 0x000001e9e00b00c0, 0x000001e9e00add50, 0x000001e9e00b05d0
}

Java Threads: ( => current thread )
  0x000001e9edeacd10 JavaThread "main" [_thread_in_vm, id=4312, stack(0x000000b28db00000,0x000000b28dc00000)]
  0x000001e9e008f830 JavaThread "Reference Handler" daemon [_thread_blocked, id=33044, stack(0x000000b28e200000,0x000000b28e300000)]
  0x000001e9e00902c0 JavaThread "Finalizer" daemon [_thread_blocked, id=28840, stack(0x000000b28e300000,0x000000b28e400000)]
  0x000001e9e00a9320 JavaThread "Signal Dispatcher" daemon [_thread_blocked, id=32540, stack(0x000000b28e400000,0x000000b28e500000)]
  0x000001e9e00ab110 JavaThread "Attach Listener" daemon [_thread_blocked, id=33168, stack(0x000000b28e500000,0x000000b28e600000)]
  0x000001e9e00b0ae0 JavaThread "Service Thread" daemon [_thread_blocked, id=31660, stack(0x000000b28e600000,0x000000b28e700000)]
  0x000001e9e00b0ff0 JavaThread "Monitor Deflation Thread" daemon [_thread_blocked, id=24256, stack(0x000000b28e700000,0x000000b28e800000)]
=>0x000001e9e00b8310 JavaThread "C2 CompilerThread0" daemon [_thread_in_native, id=14696, stack(0x000000b28e800000,0x000000b28e900000)]
  0x000001e9e00e2e70 JavaThread "C1 CompilerThread0" daemon [_thread_in_native, id=32148, stack(0x000000b28e900000,0x000000b28ea00000)]
  0x000001e9e00e6780 JavaThread "Sweeper thread" daemon [_thread_blocked, id=29832, stack(0x000000b28ea00000,0x000000b28eb00000)]
  0x000001e9e00ad840 JavaThread "Common-Cleaner" daemon [_thread_blocked, id=27324, stack(0x000000b28eb00000,0x000000b28ec00000)]
  0x000001e9e01ff1f0 JavaThread "C2 CompilerThread1" daemon [_thread_in_native, id=9796, stack(0x000000b28ec00000,0x000000b28ed00000)]
  0x000001e9e00afbb0 JavaThread "Monitor Ctrl-Break" daemon [_thread_in_native, id=33328, stack(0x000000b28ed00000,0x000000b28ee00000)]
  0x000001e9e00b00c0 JavaThread "Notification Thread" daemon [_thread_blocked, id=23116, stack(0x000000b28ee00000,0x000000b28ef00000)]
  0x000001e9e00add50 JavaThread "SeedGenerator Thread" daemon [_thread_in_Java, id=35528, stack(0x000000b28f900000,0x000000b28fa00000)]
  0x000001e9e00b05d0 JavaThread "SeedGenerator Thread" daemon [_thread_blocked, id=6852, stack(0x000000b28fa00000,0x000000b28fb00000)]

Other Threads:
  0x000001e9e0089f80 VMThread "VM Thread" [stack: 0x000000b28e100000,0x000000b28e200000] [id=25416]
  0x000001e9e06c7d70 WatcherThread [stack: 0x000000b28ef00000,0x000000b28f000000] [id=30804]
  0x000001e9f8210ae0 GCTaskThread "GC Thread#0" [stack: 0x000000b28dc00000,0x000000b28dd00000] [id=33968]
  0x000001e9e54ed1f0 GCTaskThread "GC Thread#1" [stack: 0x000000b28f000000,0x000000b28f100000] [id=27056]
  0x000001e9e54ed4b0 GCTaskThread "GC Thread#2" [stack: 0x000000b28f100000,0x000000b28f200000] [id=12676]
  0x000001e9e0898c50 GCTaskThread "GC Thread#3" [stack: 0x000000b28f200000,0x000000b28f300000] [id=33520]
  0x000001e9e0898f10 GCTaskThread "GC Thread#4" [stack: 0x000000b28f300000,0x000000b28f400000] [id=14444]
  0x000001e9e08991d0 GCTaskThread "GC Thread#5" [stack: 0x000000b28f400000,0x000000b28f500000] [id=29008]
  0x000001e9e0899910 GCTaskThread "GC Thread#6" [stack: 0x000000b28f500000,0x000000b28f600000] [id=30432]
  0x000001e9e0beebd0 GCTaskThread "GC Thread#7" [stack: 0x000000b28f600000,0x000000b28f700000] [id=31512]
  0x000001e9e0bef310 GCTaskThread "GC Thread#8" [stack: 0x000000b28f700000,0x000000b28f800000] [id=31508]
  0x000001e9e0befed0 GCTaskThread "GC Thread#9" [stack: 0x000000b28f800000,0x000000b28f900000] [id=27348]
  0x000001e9edee97b0 ConcurrentGCThread "G1 Main Marker" [stack: 0x000000b28dd00000,0x000000b28de00000] [id=30480]
  0x000001e9edeead40 ConcurrentGCThread "G1 Conc#0" [stack: 0x000000b28de00000,0x000000b28df00000] [id=25816]
  0x000001e9edf0e840 ConcurrentGCThread "G1 Refine#0" [stack: 0x000000b28df00000,0x000000b28e000000] [id=32448]
  0x000001e9f82cff40 ConcurrentGCThread "G1 Service" [stack: 0x000000b28e000000,0x000000b28e100000] [id=22308]

Threads with active compile tasks:
C2 CompilerThread0      940 1347       4       jdk.internal.org.objectweb.asm.Frame::execute (2305 bytes)
C2 CompilerThread1      940 1428 % !   4       java.util.concurrent.ConcurrentHashMap::transfer @ 96 (849 bytes)

VM state: not at safepoint (normal execution)

VM Mutex/Monitor currently owned by a thread: None

Heap address: 0x0000000601000000, size: 8176 MB, Compressed Oops mode: Zero based, Oop shift amount: 3

CDS archive(s) mapped at: [0x000001e99f000000-0x000001e99fbb0000-0x000001e99fbb0000), size 12255232, SharedBaseAddress: 0x000001e99f000000, ArchiveRelocationMode: 1.
Compressed class space mapped at: 0x000001e9a0000000-0x000001e9e0000000, reserved size: 1073741824
Narrow klass base: 0x000001e99f000000, Narrow klass shift: 0, Narrow klass range: 0x100000000

GC Precious Log:
 CPUs: 12 total, 12 available
 Memory: 32698M
 Large Page Support: Disabled
 NUMA Support: Disabled
 Compressed Oops: Enabled (Zero based)
 Heap Region Size: 4M
 Heap Min Capacity: 8M
 Heap Initial Capacity: 512M
 Heap Max Capacity: 8176M
 Pre-touch: Disabled
 Parallel Workers: 10
 Concurrent Workers: 3
 Concurrent Refinement Workers: 10
 Periodic GC: Disabled

Heap:
 garbage-first heap   total 524288K, used 17060K [0x0000000601000000, 0x0000000800000000)
  region size 4096K, 4 young (16384K), 1 survivors (4096K)
 Metaspace       used 8675K, committed 8960K, reserved 1114112K
  class space    used 993K, committed 1152K, reserved 1048576K

Heap Regions: E=young(eden), S=young(survivor), O=old, HS=humongous(starts), HC=humongous(continues), CS=collection set, F=free, OA=open archive, CA=closed archive, TAMS=top-at-mark-start (previous, next)
|   0|0x0000000601000000, 0x0000000601400000, 0x0000000601400000|100%| O|  |TAMS 0x0000000601000000, 0x0000000601000000| Untracked 
|   1|0x0000000601400000, 0x00000006014a9200, 0x0000000601800000| 16%| O|  |TAMS 0x0000000601400000, 0x0000000601400000| Untracked 
|   2|0x0000000601800000, 0x0000000601800000, 0x0000000601c00000|  0%| F|  |TAMS 0x0000000601800000, 0x0000000601800000| Untracked 
|   3|0x0000000601c00000, 0x0000000601c00000, 0x0000000602000000|  0%| F|  |TAMS 0x0000000601c00000, 0x0000000601c00000| Untracked 
|   4|0x0000000602000000, 0x0000000602000000, 0x0000000602400000|  0%| F|  |TAMS 0x0000000602000000, 0x0000000602000000| Untracked 
|   5|0x0000000602400000, 0x0000000602400000, 0x0000000602800000|  0%| F|  |TAMS 0x0000000602400000, 0x0000000602400000| Untracked 
|   6|0x0000000602800000, 0x0000000602800000, 0x0000000602c00000|  0%| F|  |TAMS 0x0000000602800000, 0x0000000602800000| Untracked 
|   7|0x0000000602c00000, 0x0000000602c00000, 0x0000000603000000|  0%| F|  |TAMS 0x0000000602c00000, 0x0000000602c00000| Untracked 
|   8|0x0000000603000000, 0x0000000603000000, 0x0000000603400000|  0%| F|  |TAMS 0x0000000603000000, 0x0000000603000000| Untracked 
|   9|0x0000000603400000, 0x0000000603400000, 0x0000000603800000|  0%| F|  |TAMS 0x0000000603400000, 0x0000000603400000| Untracked 
|  10|0x0000000603800000, 0x0000000603800000, 0x0000000603c00000|  0%| F|  |TAMS 0x0000000603800000, 0x0000000603800000| Untracked 
|  11|0x0000000603c00000, 0x0000000603c00000, 0x0000000604000000|  0%| F|  |TAMS 0x0000000603c00000, 0x0000000603c00000| Untracked 
|  12|0x0000000604000000, 0x0000000604000000, 0x0000000604400000|  0%| F|  |TAMS 0x0000000604000000, 0x0000000604000000| Untracked 
|  13|0x0000000604400000, 0x0000000604400000, 0x0000000604800000|  0%| F|  |TAMS 0x0000000604400000, 0x0000000604400000| Untracked 
|  14|0x0000000604800000, 0x0000000604800000, 0x0000000604c00000|  0%| F|  |TAMS 0x0000000604800000, 0x0000000604800000| Untracked 
|  15|0x0000000604c00000, 0x0000000604c00000, 0x0000000605000000|  0%| F|  |TAMS 0x0000000604c00000, 0x0000000604c00000| Untracked 
|  16|0x0000000605000000, 0x0000000605000000, 0x0000000605400000|  0%| F|  |TAMS 0x0000000605000000, 0x0000000605000000| Untracked 
|  17|0x0000000605400000, 0x0000000605400000, 0x0000000605800000|  0%| F|  |TAMS 0x0000000605400000, 0x0000000605400000| Untracked 
|  18|0x0000000605800000, 0x0000000605800000, 0x0000000605c00000|  0%| F|  |TAMS 0x0000000605800000, 0x0000000605800000| Untracked 
|  19|0x0000000605c00000, 0x0000000605c00000, 0x0000000606000000|  0%| F|  |TAMS 0x0000000605c00000, 0x0000000605c00000| Untracked 
|  20|0x0000000606000000, 0x0000000606000000, 0x0000000606400000|  0%| F|  |TAMS 0x0000000606000000, 0x0000000606000000| Untracked 
|  21|0x0000000606400000, 0x0000000606400000, 0x0000000606800000|  0%| F|  |TAMS 0x0000000606400000, 0x0000000606400000| Untracked 
|  22|0x0000000606800000, 0x0000000606800000, 0x0000000606c00000|  0%| F|  |TAMS 0x0000000606800000, 0x0000000606800000| Untracked 
|  23|0x0000000606c00000, 0x0000000606c00000, 0x0000000607000000|  0%| F|  |TAMS 0x0000000606c00000, 0x0000000606c00000| Untracked 
|  24|0x0000000607000000, 0x0000000607000000, 0x0000000607400000|  0%| F|  |TAMS 0x0000000607000000, 0x0000000607000000| Untracked 
|  25|0x0000000607400000, 0x0000000607400000, 0x0000000607800000|  0%| F|  |TAMS 0x0000000607400000, 0x0000000607400000| Untracked 
|  26|0x0000000607800000, 0x0000000607800000, 0x0000000607c00000|  0%| F|  |TAMS 0x0000000607800000, 0x0000000607800000| Untracked 
|  27|0x0000000607c00000, 0x0000000607c00000, 0x0000000608000000|  0%| F|  |TAMS 0x0000000607c00000, 0x0000000607c00000| Untracked 
|  28|0x0000000608000000, 0x0000000608000000, 0x0000000608400000|  0%| F|  |TAMS 0x0000000608000000, 0x0000000608000000| Untracked 
|  29|0x0000000608400000, 0x0000000608400000, 0x0000000608800000|  0%| F|  |TAMS 0x0000000608400000, 0x0000000608400000| Untracked 
|  30|0x0000000608800000, 0x0000000608800000, 0x0000000608c00000|  0%| F|  |TAMS 0x0000000608800000, 0x0000000608800000| Untracked 
|  31|0x0000000608c00000, 0x0000000608c00000, 0x0000000609000000|  0%| F|  |TAMS 0x0000000608c00000, 0x0000000608c00000| Untracked 
|  32|0x0000000609000000, 0x0000000609000000, 0x0000000609400000|  0%| F|  |TAMS 0x0000000609000000, 0x0000000609000000| Untracked 
|  33|0x0000000609400000, 0x0000000609400000, 0x0000000609800000|  0%| F|  |TAMS 0x0000000609400000, 0x0000000609400000| Untracked 
|  34|0x0000000609800000, 0x0000000609800000, 0x0000000609c00000|  0%| F|  |TAMS 0x0000000609800000, 0x0000000609800000| Untracked 
|  35|0x0000000609c00000, 0x0000000609c00000, 0x000000060a000000|  0%| F|  |TAMS 0x0000000609c00000, 0x0000000609c00000| Untracked 
|  36|0x000000060a000000, 0x000000060a000000, 0x000000060a400000|  0%| F|  |TAMS 0x000000060a000000, 0x000000060a000000| Untracked 
|  37|0x000000060a400000, 0x000000060a400000, 0x000000060a800000|  0%| F|  |TAMS 0x000000060a400000, 0x000000060a400000| Untracked 
|  38|0x000000060a800000, 0x000000060a800000, 0x000000060ac00000|  0%| F|  |TAMS 0x000000060a800000, 0x000000060a800000| Untracked 
|  39|0x000000060ac00000, 0x000000060ac00000, 0x000000060b000000|  0%| F|  |TAMS 0x000000060ac00000, 0x000000060ac00000| Untracked 
|  40|0x000000060b000000, 0x000000060b000000, 0x000000060b400000|  0%| F|  |TAMS 0x000000060b000000, 0x000000060b000000| Untracked 
|  41|0x000000060b400000, 0x000000060b400000, 0x000000060b800000|  0%| F|  |TAMS 0x000000060b400000, 0x000000060b400000| Untracked 
|  42|0x000000060b800000, 0x000000060b800000, 0x000000060bc00000|  0%| F|  |TAMS 0x000000060b800000, 0x000000060b800000| Untracked 
|  43|0x000000060bc00000, 0x000000060bc00000, 0x000000060c000000|  0%| F|  |TAMS 0x000000060bc00000, 0x000000060bc00000| Untracked 
|  44|0x000000060c000000, 0x000000060c000000, 0x000000060c400000|  0%| F|  |TAMS 0x000000060c000000, 0x000000060c000000| Untracked 
|  45|0x000000060c400000, 0x000000060c400000, 0x000000060c800000|  0%| F|  |TAMS 0x000000060c400000, 0x000000060c400000| Untracked 
|  46|0x000000060c800000, 0x000000060c800000, 0x000000060cc00000|  0%| F|  |TAMS 0x000000060c800000, 0x000000060c800000| Untracked 
|  47|0x000000060cc00000, 0x000000060cc00000, 0x000000060d000000|  0%| F|  |TAMS 0x000000060cc00000, 0x000000060cc00000| Untracked 
|  48|0x000000060d000000, 0x000000060d000000, 0x000000060d400000|  0%| F|  |TAMS 0x000000060d000000, 0x000000060d000000| Untracked 
|  49|0x000000060d400000, 0x000000060d400000, 0x000000060d800000|  0%| F|  |TAMS 0x000000060d400000, 0x000000060d400000| Untracked 
|  50|0x000000060d800000, 0x000000060d800000, 0x000000060dc00000|  0%| F|  |TAMS 0x000000060d800000, 0x000000060d800000| Untracked 
|  51|0x000000060dc00000, 0x000000060dc00000, 0x000000060e000000|  0%| F|  |TAMS 0x000000060dc00000, 0x000000060dc00000| Untracked 
|  52|0x000000060e000000, 0x000000060e000000, 0x000000060e400000|  0%| F|  |TAMS 0x000000060e000000, 0x000000060e000000| Untracked 
|  53|0x000000060e400000, 0x000000060e400000, 0x000000060e800000|  0%| F|  |TAMS 0x000000060e400000, 0x000000060e400000| Untracked 
|  54|0x000000060e800000, 0x000000060e800000, 0x000000060ec00000|  0%| F|  |TAMS 0x000000060e800000, 0x000000060e800000| Untracked 
|  55|0x000000060ec00000, 0x000000060ec00000, 0x000000060f000000|  0%| F|  |TAMS 0x000000060ec00000, 0x000000060ec00000| Untracked 
|  56|0x000000060f000000, 0x000000060f000000, 0x000000060f400000|  0%| F|  |TAMS 0x000000060f000000, 0x000000060f000000| Untracked 
|  57|0x000000060f400000, 0x000000060f400000, 0x000000060f800000|  0%| F|  |TAMS 0x000000060f400000, 0x000000060f400000| Untracked 
|  58|0x000000060f800000, 0x000000060f800000, 0x000000060fc00000|  0%| F|  |TAMS 0x000000060f800000, 0x000000060f800000| Untracked 
|  59|0x000000060fc00000, 0x000000060fc00000, 0x0000000610000000|  0%| F|  |TAMS 0x000000060fc00000, 0x000000060fc00000| Untracked 
|  60|0x0000000610000000, 0x0000000610000000, 0x0000000610400000|  0%| F|  |TAMS 0x0000000610000000, 0x0000000610000000| Untracked 
|  61|0x0000000610400000, 0x0000000610400000, 0x0000000610800000|  0%| F|  |TAMS 0x0000000610400000, 0x0000000610400000| Untracked 
|  62|0x0000000610800000, 0x0000000610800000, 0x0000000610c00000|  0%| F|  |TAMS 0x0000000610800000, 0x0000000610800000| Untracked 
|  63|0x0000000610c00000, 0x0000000610c00000, 0x0000000611000000|  0%| F|  |TAMS 0x0000000610c00000, 0x0000000610c00000| Untracked 
|  64|0x0000000611000000, 0x0000000611000000, 0x0000000611400000|  0%| F|  |TAMS 0x0000000611000000, 0x0000000611000000| Untracked 
|  65|0x0000000611400000, 0x0000000611400000, 0x0000000611800000|  0%| F|  |TAMS 0x0000000611400000, 0x0000000611400000| Untracked 
|  66|0x0000000611800000, 0x0000000611800000, 0x0000000611c00000|  0%| F|  |TAMS 0x0000000611800000, 0x0000000611800000| Untracked 
|  67|0x0000000611c00000, 0x0000000611c00000, 0x0000000612000000|  0%| F|  |TAMS 0x0000000611c00000, 0x0000000611c00000| Untracked 
|  68|0x0000000612000000, 0x0000000612000000, 0x0000000612400000|  0%| F|  |TAMS 0x0000000612000000, 0x0000000612000000| Untracked 
|  69|0x0000000612400000, 0x0000000612400000, 0x0000000612800000|  0%| F|  |TAMS 0x0000000612400000, 0x0000000612400000| Untracked 
|  70|0x0000000612800000, 0x0000000612800000, 0x0000000612c00000|  0%| F|  |TAMS 0x0000000612800000, 0x0000000612800000| Untracked 
|  71|0x0000000612c00000, 0x0000000612c00000, 0x0000000613000000|  0%| F|  |TAMS 0x0000000612c00000, 0x0000000612c00000| Untracked 
|  72|0x0000000613000000, 0x0000000613000000, 0x0000000613400000|  0%| F|  |TAMS 0x0000000613000000, 0x0000000613000000| Untracked 
|  73|0x0000000613400000, 0x0000000613400000, 0x0000000613800000|  0%| F|  |TAMS 0x0000000613400000, 0x0000000613400000| Untracked 
|  74|0x0000000613800000, 0x0000000613800000, 0x0000000613c00000|  0%| F|  |TAMS 0x0000000613800000, 0x0000000613800000| Untracked 
|  75|0x0000000613c00000, 0x0000000613c00000, 0x0000000614000000|  0%| F|  |TAMS 0x0000000613c00000, 0x0000000613c00000| Untracked 
|  76|0x0000000614000000, 0x0000000614000000, 0x0000000614400000|  0%| F|  |TAMS 0x0000000614000000, 0x0000000614000000| Untracked 
|  77|0x0000000614400000, 0x0000000614400000, 0x0000000614800000|  0%| F|  |TAMS 0x0000000614400000, 0x0000000614400000| Untracked 
|  78|0x0000000614800000, 0x0000000614800000, 0x0000000614c00000|  0%| F|  |TAMS 0x0000000614800000, 0x0000000614800000| Untracked 
|  79|0x0000000614c00000, 0x0000000614c00000, 0x0000000615000000|  0%| F|  |TAMS 0x0000000614c00000, 0x0000000614c00000| Untracked 
|  80|0x0000000615000000, 0x0000000615000000, 0x0000000615400000|  0%| F|  |TAMS 0x0000000615000000, 0x0000000615000000| Untracked 
|  81|0x0000000615400000, 0x0000000615400000, 0x0000000615800000|  0%| F|  |TAMS 0x0000000615400000, 0x0000000615400000| Untracked 
|  82|0x0000000615800000, 0x0000000615800000, 0x0000000615c00000|  0%| F|  |TAMS 0x0000000615800000, 0x0000000615800000| Untracked 
|  83|0x0000000615c00000, 0x0000000615c00000, 0x0000000616000000|  0%| F|  |TAMS 0x0000000615c00000, 0x0000000615c00000| Untracked 
|  84|0x0000000616000000, 0x0000000616000000, 0x0000000616400000|  0%| F|  |TAMS 0x0000000616000000, 0x0000000616000000| Untracked 
|  85|0x0000000616400000, 0x0000000616400000, 0x0000000616800000|  0%| F|  |TAMS 0x0000000616400000, 0x0000000616400000| Untracked 
|  86|0x0000000616800000, 0x0000000616800000, 0x0000000616c00000|  0%| F|  |TAMS 0x0000000616800000, 0x0000000616800000| Untracked 
|  87|0x0000000616c00000, 0x0000000616c00000, 0x0000000617000000|  0%| F|  |TAMS 0x0000000616c00000, 0x0000000616c00000| Untracked 
|  88|0x0000000617000000, 0x0000000617000000, 0x0000000617400000|  0%| F|  |TAMS 0x0000000617000000, 0x0000000617000000| Untracked 
|  89|0x0000000617400000, 0x0000000617400000, 0x0000000617800000|  0%| F|  |TAMS 0x0000000617400000, 0x0000000617400000| Untracked 
|  90|0x0000000617800000, 0x0000000617800000, 0x0000000617c00000|  0%| F|  |TAMS 0x0000000617800000, 0x0000000617800000| Untracked 
|  91|0x0000000617c00000, 0x0000000617c00000, 0x0000000618000000|  0%| F|  |TAMS 0x0000000617c00000, 0x0000000617c00000| Untracked 
|  92|0x0000000618000000, 0x0000000618000000, 0x0000000618400000|  0%| F|  |TAMS 0x0000000618000000, 0x0000000618000000| Untracked 
|  93|0x0000000618400000, 0x0000000618400000, 0x0000000618800000|  0%| F|  |TAMS 0x0000000618400000, 0x0000000618400000| Untracked 
|  94|0x0000000618800000, 0x0000000618800000, 0x0000000618c00000|  0%| F|  |TAMS 0x0000000618800000, 0x0000000618800000| Untracked 
|  95|0x0000000618c00000, 0x0000000618c00000, 0x0000000619000000|  0%| F|  |TAMS 0x0000000618c00000, 0x0000000618c00000| Untracked 
|  96|0x0000000619000000, 0x0000000619000000, 0x0000000619400000|  0%| F|  |TAMS 0x0000000619000000, 0x0000000619000000| Untracked 
|  97|0x0000000619400000, 0x0000000619400000, 0x0000000619800000|  0%| F|  |TAMS 0x0000000619400000, 0x0000000619400000| Untracked 
|  98|0x0000000619800000, 0x0000000619800000, 0x0000000619c00000|  0%| F|  |TAMS 0x0000000619800000, 0x0000000619800000| Untracked 
|  99|0x0000000619c00000, 0x0000000619c00000, 0x000000061a000000|  0%| F|  |TAMS 0x0000000619c00000, 0x0000000619c00000| Untracked 
| 100|0x000000061a000000, 0x000000061a000000, 0x000000061a400000|  0%| F|  |TAMS 0x000000061a000000, 0x000000061a000000| Untracked 
| 101|0x000000061a400000, 0x000000061a400000, 0x000000061a800000|  0%| F|  |TAMS 0x000000061a400000, 0x000000061a400000| Untracked 
| 102|0x000000061a800000, 0x000000061a800000, 0x000000061ac00000|  0%| F|  |TAMS 0x000000061a800000, 0x000000061a800000| Untracked 
| 103|0x000000061ac00000, 0x000000061ac00000, 0x000000061b000000|  0%| F|  |TAMS 0x000000061ac00000, 0x000000061ac00000| Untracked 
| 104|0x000000061b000000, 0x000000061b000000, 0x000000061b400000|  0%| F|  |TAMS 0x000000061b000000, 0x000000061b000000| Untracked 
| 105|0x000000061b400000, 0x000000061b400000, 0x000000061b800000|  0%| F|  |TAMS 0x000000061b400000, 0x000000061b400000| Untracked 
| 106|0x000000061b800000, 0x000000061b800000, 0x000000061bc00000|  0%| F|  |TAMS 0x000000061b800000, 0x000000061b800000| Untracked 
| 107|0x000000061bc00000, 0x000000061bc00000, 0x000000061c000000|  0%| F|  |TAMS 0x000000061bc00000, 0x000000061bc00000| Untracked 
| 108|0x000000061c000000, 0x000000061c000000, 0x000000061c400000|  0%| F|  |TAMS 0x000000061c000000, 0x000000061c000000| Untracked 
| 109|0x000000061c400000, 0x000000061c400000, 0x000000061c800000|  0%| F|  |TAMS 0x000000061c400000, 0x000000061c400000| Untracked 
| 110|0x000000061c800000, 0x000000061c800000, 0x000000061cc00000|  0%| F|  |TAMS 0x000000061c800000, 0x000000061c800000| Untracked 
| 111|0x000000061cc00000, 0x000000061cc00000, 0x000000061d000000|  0%| F|  |TAMS 0x000000061cc00000, 0x000000061cc00000| Untracked 
| 112|0x000000061d000000, 0x000000061d000000, 0x000000061d400000|  0%| F|  |TAMS 0x000000061d000000, 0x000000061d000000| Untracked 
| 113|0x000000061d400000, 0x000000061d400000, 0x000000061d800000|  0%| F|  |TAMS 0x000000061d400000, 0x000000061d400000| Untracked 
| 114|0x000000061d800000, 0x000000061d800000, 0x000000061dc00000|  0%| F|  |TAMS 0x000000061d800000, 0x000000061d800000| Untracked 
| 115|0x000000061dc00000, 0x000000061dc00000, 0x000000061e000000|  0%| F|  |TAMS 0x000000061dc00000, 0x000000061dc00000| Untracked 
| 116|0x000000061e000000, 0x000000061e000000, 0x000000061e400000|  0%| F|  |TAMS 0x000000061e000000, 0x000000061e000000| Untracked 
| 117|0x000000061e400000, 0x000000061e400000, 0x000000061e800000|  0%| F|  |TAMS 0x000000061e400000, 0x000000061e400000| Untracked 
| 118|0x000000061e800000, 0x000000061e800000, 0x000000061ec00000|  0%| F|  |TAMS 0x000000061e800000, 0x000000061e800000| Untracked 
| 119|0x000000061ec00000, 0x000000061ec00000, 0x000000061f000000|  0%| F|  |TAMS 0x000000061ec00000, 0x000000061ec00000| Untracked 
| 120|0x000000061f000000, 0x000000061f000000, 0x000000061f400000|  0%| F|  |TAMS 0x000000061f000000, 0x000000061f000000| Untracked 
| 121|0x000000061f400000, 0x000000061f800000, 0x000000061f800000|100%| S|CS|TAMS 0x000000061f400000, 0x000000061f400000| Complete 
| 122|0x000000061f800000, 0x000000061f800000, 0x000000061fc00000|  0%| F|  |TAMS 0x000000061f800000, 0x000000061f800000| Untracked 
| 123|0x000000061fc00000, 0x000000061fc00000, 0x0000000620000000|  0%| F|  |TAMS 0x000000061fc00000, 0x000000061fc00000| Untracked 
| 124|0x0000000620000000, 0x0000000620000000, 0x0000000620400000|  0%| F|  |TAMS 0x0000000620000000, 0x0000000620000000| Untracked 
| 125|0x0000000620400000, 0x00000006206e1740, 0x0000000620800000| 72%| E|  |TAMS 0x0000000620400000, 0x0000000620400000| Complete 
| 126|0x0000000620800000, 0x0000000620c00000, 0x0000000620c00000|100%| E|CS|TAMS 0x0000000620800000, 0x0000000620800000| Complete 
| 127|0x0000000620c00000, 0x0000000621000000, 0x0000000621000000|100%| E|CS|TAMS 0x0000000620c00000, 0x0000000620c00000| Complete 

Card table byte_map: [0x000001e9f9390000,0x000001e9fa390000] _byte_map_base: 0x000001e9f6388000

Marking Bits (Prev, Next): (CMBitMap*) 0x000001e9eded8f00, (CMBitMap*) 0x000001e9eded8f40
 Prev Bits: [0x000001e98f000000, 0x000001e996fc0000)
 Next Bits: [0x000001e996fc0000, 0x000001e99ef80000)

Polling page: 0x000001e9edbf0000

Metaspace:

Usage:
  Non-class:      7.54 MB used.
      Class:    998.27 KB used.
       Both:      8.51 MB used.

Virtual space:
  Non-class space:       64.00 MB reserved,       7.63 MB ( 12%) committed,  1 nodes.
      Class space:        1.00 GB reserved,       1.13 MB ( <1%) committed,  1 nodes.
             Both:        1.06 GB reserved,       8.75 MB ( <1%) committed. 

Chunk freelists:
   Non-Class:  7.59 MB
       Class:  14.79 MB
        Both:  22.38 MB

MaxMetaspaceSize: unlimited
CompressedClassSpaceSize: 1.00 GB
Initial GC threshold: 21.00 MB
Current GC threshold: 21.00 MB
CDS: on
MetaspaceReclaimPolicy: balanced
 - commit_granule_bytes: 65536.
 - commit_granule_words: 8192.
 - virtual_space_node_default_size: 8388608.
 - enlarge_chunks_in_place: 1.
 - new_chunks_are_fully_committed: 0.
 - uncommit_free_chunks: 1.
 - use_allocation_guard: 0.
 - handle_deallocations: 1.


Internal statistics:

num_allocs_failed_limit: 0.
num_arena_births: 192.
num_arena_deaths: 0.
num_vsnodes_births: 2.
num_vsnodes_deaths: 0.
num_space_committed: 140.
num_space_uncommitted: 0.
num_chunks_returned_to_freelist: 0.
num_chunks_taken_from_freelist: 468.
num_chunk_merges: 0.
num_chunk_splits: 290.
num_chunks_enlarged: 189.
num_inconsistent_stats: 0.

CodeHeap 'non-profiled nmethods': size=120000Kb used=532Kb max_used=532Kb free=119467Kb
 bounds [0x000001e987ad0000, 0x000001e987d40000, 0x000001e98f000000]
CodeHeap 'profiled nmethods': size=120000Kb used=2659Kb max_used=2659Kb free=117340Kb
 bounds [0x000001e980000000, 0x000001e9802a0000, 0x000001e987530000]
CodeHeap 'non-nmethods': size=5760Kb used=1177Kb max_used=1209Kb free=4583Kb
 bounds [0x000001e987530000, 0x000001e9877a0000, 0x000001e987ad0000]
 total_blobs=1913 nmethods=1439 adapters=387
 compilation: enabled
              stopped_count=0, restarted_count=0
 full_count=0

Compilation events (20 events):
Event: 0.870 Thread 0x000001e9e00e2e70 1368       3       java.lang.System$2::getAnnotationType (5 bytes)
Event: 0.870 Thread 0x000001e9e00e2e70 nmethod 1368 0x000001e980272a10 code [0x000001e980272ba0, 0x000001e980272cd8]
Event: 0.870 Thread 0x000001e9e00e2e70 1369       1       sun.reflect.annotation.AnnotationType::retention (5 bytes)
Event: 0.870 Thread 0x000001e9e00e2e70 nmethod 1369 0x000001e987b50410 code [0x000001e987b505a0, 0x000001e987b50678]
Event: 0.872 Thread 0x000001e9e00e2e70 1371       3       java.util.HashMap::put (13 bytes)
Event: 0.873 Thread 0x000001e9e00e2e70 nmethod 1371 0x000001e980272d90 code [0x000001e980272f40, 0x000001e980273238]
Event: 0.874 Thread 0x000001e9e00e2e70 1372       3       jdk.internal.loader.AbstractClassLoaderValue::map (20 bytes)
Event: 0.875 Thread 0x000001e9e00e2e70 nmethod 1372 0x000001e980273390 code [0x000001e980273540, 0x000001e980273828]
Event: 0.875 Thread 0x000001e9e00e2e70 1373       3       jdk.internal.reflect.ReflectionFactory::inflationThreshold (4 bytes)
Event: 0.875 Thread 0x000001e9e00e2e70 nmethod 1373 0x000001e980273990 code [0x000001e980273b20, 0x000001e980273c18]
Event: 0.876 Thread 0x000001e9e01ff1f0 nmethod 1360 0x000001e987b50710 code [0x000001e987b508a0, 0x000001e987b50fb8]
Event: 0.877 Thread 0x000001e9e01ff1f0 1361       4       java.util.HashMap::hash (20 bytes)
Event: 0.877 Thread 0x000001e9e00e2e70 1374       3       java.lang.StringBuilder::<init> (6 bytes)
Event: 0.877 Thread 0x000001e9e00e2e70 nmethod 1374 0x000001e980273c90 code [0x000001e980273e20, 0x000001e980273f68]
Event: 0.877 Thread 0x000001e9e00e2e70 1375       3       java.lang.AbstractStringBuilder::<init> (63 bytes)
Event: 0.877 Thread 0x000001e9e00e2e70 nmethod 1375 0x000001e980274010 code [0x000001e980274200, 0x000001e9802747d8]
Event: 0.878 Thread 0x000001e9e01ff1f0 nmethod 1361 0x000001e987b51310 code [0x000001e987b51480, 0x000001e987b51558]
Event: 0.878 Thread 0x000001e9e01ff1f0 1376       4       jdk.internal.reflect.ClassFileAssembler::emitByte (11 bytes)
Event: 0.879 Thread 0x000001e9e00e2e70 1377       3       jdk.internal.loader.AbstractClassLoaderValue::extractValue (17 bytes)
Event: 0.879 Thread 0x000001e9e00e2e70 nmethod 1377 0x000001e980274a10 code [0x000001e980274bc0, 0x000001e980274f68]

GC Heap History (2 events):
Event: 0.742 GC heap before
{Heap before GC invocations=0 (full 0):
 garbage-first heap   total 524288K, used 24576K [0x0000000601000000, 0x0000000800000000)
  region size 4096K, 6 young (24576K), 0 survivors (0K)
 Metaspace       used 5625K, committed 5888K, reserved 1114112K
  class space    used 612K, committed 768K, reserved 1048576K
}
Event: 0.745 GC heap after
{Heap after GC invocations=1 (full 0):
 garbage-first heap   total 524288K, used 8868K [0x0000000601000000, 0x0000000800000000)
  region size 4096K, 1 young (4096K), 1 survivors (4096K)
 Metaspace       used 5625K, committed 5888K, reserved 1114112K
  class space    used 612K, committed 768K, reserved 1048576K
}

Dll operation events (10 events):
Event: 0.022 Loaded shared library C:\Users\Administrator\.jdks\corretto-17.0.12\bin\java.dll
Event: 0.046 Loaded shared library C:\Users\Administrator\.jdks\corretto-17.0.12\bin\jsvml.dll
Event: 0.282 Loaded shared library C:\Users\Administrator\.jdks\corretto-17.0.12\bin\zip.dll
Event: 0.290 Loaded shared library C:\Users\Administrator\.jdks\corretto-17.0.12\bin\instrument.dll
Event: 0.296 Loaded shared library C:\Users\Administrator\.jdks\corretto-17.0.12\bin\net.dll
Event: 0.300 Loaded shared library C:\Users\Administrator\.jdks\corretto-17.0.12\bin\nio.dll
Event: 0.303 Loaded shared library C:\Users\Administrator\.jdks\corretto-17.0.12\bin\zip.dll
Event: 0.435 Loaded shared library C:\Program Files\JetBrains\IntelliJ IDEA 2020.2.1\bin\breakgen64.dll
Event: 0.449 Loaded shared library C:\Users\Administrator\.jdks\corretto-17.0.12\bin\extnet.dll
Event: 0.455 Loaded shared library C:\Users\Administrator\.jdks\corretto-17.0.12\bin\jimage.dll

Deoptimization events (20 events):
Event: 0.852 Thread 0x000001e9edeacd10 Uncommon trap: trap_request=0xffffffde fr.pc=0x000001e987b4a748 relative=0x0000000000000f48
Event: 0.852 Thread 0x000001e9edeacd10 Uncommon trap: reason=class_check action=maybe_recompile pc=0x000001e987b4a748 method=java.util.HashMap.putVal(ILjava/lang/Object;Ljava/lang/Object;ZZ)Ljava/lang/Object; @ 253 c2
Event: 0.852 Thread 0x000001e9edeacd10 DEOPT PACKING pc=0x000001e987b4a748 sp=0x000000b28dbfed30
Event: 0.852 Thread 0x000001e9edeacd10 DEOPT UNPACKING pc=0x000001e9875869a3 sp=0x000000b28dbfec78 mode 2
Event: 0.855 Thread 0x000001e9edeacd10 Uncommon trap: trap_request=0xffffffde fr.pc=0x000001e987b4a748 relative=0x0000000000000f48
Event: 0.855 Thread 0x000001e9edeacd10 Uncommon trap: reason=class_check action=maybe_recompile pc=0x000001e987b4a748 method=java.util.HashMap.putVal(ILjava/lang/Object;Ljava/lang/Object;ZZ)Ljava/lang/Object; @ 253 c2
Event: 0.855 Thread 0x000001e9edeacd10 DEOPT PACKING pc=0x000001e987b4a748 sp=0x000000b28dbfed30
Event: 0.855 Thread 0x000001e9edeacd10 DEOPT UNPACKING pc=0x000001e9875869a3 sp=0x000000b28dbfec78 mode 2
Event: 0.857 Thread 0x000001e9edeacd10 Uncommon trap: trap_request=0xffffff45 fr.pc=0x000001e987b45dac relative=0x000000000000104c
Event: 0.857 Thread 0x000001e9edeacd10 Uncommon trap: reason=unstable_if action=reinterpret pc=0x000001e987b45dac method=jdk.internal.org.objectweb.asm.SymbolTable.put(Ljdk/internal/org/objectweb/asm/SymbolTable$Entry;)Ljdk/internal/org/objectweb/asm/SymbolTable$Entry; @ 13 c2
Event: 0.857 Thread 0x000001e9edeacd10 DEOPT PACKING pc=0x000001e987b45dac sp=0x000000b28dbfe4a0
Event: 0.857 Thread 0x000001e9edeacd10 DEOPT UNPACKING pc=0x000001e9875869a3 sp=0x000000b28dbfe408 mode 2
Event: 0.858 Thread 0x000001e9edeacd10 Uncommon trap: trap_request=0xffffff45 fr.pc=0x000001e987b36434 relative=0x0000000000000314
Event: 0.858 Thread 0x000001e9edeacd10 Uncommon trap: reason=unstable_if action=reinterpret pc=0x000001e987b36434 method=jdk.internal.org.objectweb.asm.SymbolTable.put(Ljdk/internal/org/objectweb/asm/SymbolTable$Entry;)Ljdk/internal/org/objectweb/asm/SymbolTable$Entry; @ 13 c2
Event: 0.858 Thread 0x000001e9edeacd10 DEOPT PACKING pc=0x000001e987b36434 sp=0x000000b28dbfe450
Event: 0.858 Thread 0x000001e9edeacd10 DEOPT UNPACKING pc=0x000001e9875869a3 sp=0x000000b28dbfe3d0 mode 2
Event: 0.863 Thread 0x000001e9edeacd10 Uncommon trap: trap_request=0xffffff45 fr.pc=0x000001e987b4ee2c relative=0x00000000000007cc
Event: 0.863 Thread 0x000001e9edeacd10 Uncommon trap: reason=unstable_if action=reinterpret pc=0x000001e987b4ee2c method=java.util.HashMap.putVal(ILjava/lang/Object;Ljava/lang/Object;ZZ)Ljava/lang/Object; @ 81 c2
Event: 0.863 Thread 0x000001e9edeacd10 DEOPT PACKING pc=0x000001e987b4ee2c sp=0x000000b28dbfed50
Event: 0.863 Thread 0x000001e9edeacd10 DEOPT UNPACKING pc=0x000001e9875869a3 sp=0x000000b28dbfec78 mode 2

Classes loaded (20 events):
Event: 0.773 Loading class sun/nio/fs/WindowsPath$WindowsPathWithAttributes
Event: 0.773 Loading class sun/nio/fs/BasicFileAttributesHolder
Event: 0.773 Loading class sun/nio/fs/BasicFileAttributesHolder done
Event: 0.774 Loading class sun/nio/fs/WindowsPath$WindowsPathWithAttributes done
Event: 0.774 Loading class java/util/regex/Pattern$LazyLoop
Event: 0.774 Loading class java/util/regex/Pattern$Loop
Event: 0.774 Loading class java/util/regex/Pattern$Loop done
Event: 0.774 Loading class java/util/regex/Pattern$LazyLoop done
Event: 0.774 Loading class java/util/regex/Pattern$Prolog
Event: 0.774 Loading class java/util/regex/Pattern$Prolog done
Event: 0.786 Loading class java/util/NoSuchElementException
Event: 0.786 Loading class java/util/NoSuchElementException done
Event: 0.798 Loading class java/lang/reflect/UndeclaredThrowableException
Event: 0.798 Loading class java/lang/reflect/UndeclaredThrowableException done
Event: 0.809 Loading class java/lang/Deprecated
Event: 0.809 Loading class java/lang/Deprecated done
Event: 0.810 Loading class java/lang/annotation/Repeatable
Event: 0.810 Loading class java/lang/annotation/Repeatable done
Event: 0.823 Loading class java/util/concurrent/CopyOnWriteArraySet
Event: 0.823 Loading class java/util/concurrent/CopyOnWriteArraySet done

Classes unloaded (0 events):
No events

Classes redefined (0 events):
No events

Internal exceptions (20 events):
Event: 0.595 Thread 0x000001e9edeacd10 Exception <a 'java/lang/NoSuchMethodError'{0x000000061fcafc00}: 'int java.lang.invoke.DirectMethodHandle$Holder.invokeStatic(java.lang.Object)'> (0x000000061fcafc00) 
thrown [s\src\hotspot\share\interpreter\linkResolver.cpp, line 759]
Event: 0.595 Thread 0x000001e9edeacd10 Exception <a 'java/lang/NoSuchMethodError'{0x000000061fcb3358}: 'int java.lang.invoke.DirectMethodHandle$Holder.invokeStaticInit(java.lang.Object)'> (0x000000061fcb3358) 
thrown [s\src\hotspot\share\interpreter\linkResolver.cpp, line 759]
Event: 0.601 Thread 0x000001e9edeacd10 Exception <a 'java/lang/NoSuchMethodError'{0x000000061fcf16d0}: 'void java.lang.invoke.DirectMethodHandle$Holder.invokeStatic(java.lang.Object, java.lang.Object, java.lang.Object)'> (0x000000061fcf16d0) 
thrown [s\src\hotspot\share\interpreter\linkResolver.cpp, line 759]
Event: 0.608 Thread 0x000001e9edeacd10 Exception <a 'java/lang/NoSuchMethodError'{0x000000061fd12ca0}: 'java.lang.Object java.lang.invoke.DirectMethodHandle$Holder.invokeStatic(java.lang.Object, java.lang.Object, int)'> (0x000000061fd12ca0) 
thrown [s\src\hotspot\share\interpreter\linkResolver.cpp, line 759]
Event: 0.609 Thread 0x000001e9edeacd10 Exception <a 'java/lang/NoSuchMethodError'{0x000000061fd1ea88}: 'void java.lang.invoke.DelegatingMethodHandle$Holder.delegate(java.lang.Object, java.lang.Object, int, java.lang.Object)'> (0x000000061fd1ea88) 
thrown [s\src\hotspot\share\interpreter\linkResolver.cpp, line 759]
Event: 0.609 Thread 0x000001e9edeacd10 Exception <a 'java/lang/NoSuchMethodError'{0x000000061fd22ac0}: 'int java.lang.invoke.DirectMethodHandle$Holder.invokeSpecial(java.lang.Object, java.lang.Object, java.lang.Object)'> (0x000000061fd22ac0) 
thrown [s\src\hotspot\share\interpreter\linkResolver.cpp, line 759]
Event: 0.616 Thread 0x000001e9edeacd10 Exception <a 'java/lang/NoSuchMethodError'{0x000000061fd723c8}: 'java.lang.Object java.lang.invoke.DirectMethodHandle$Holder.invokeInterface(java.lang.Object, java.lang.Object)'> (0x000000061fd723c8) 
thrown [s\src\hotspot\share\interpreter\linkResolver.cpp, line 759]
Event: 0.616 Thread 0x000001e9edeacd10 Exception <a 'java/lang/IncompatibleClassChangeError'{0x000000061fd75bc0}: Found class java.lang.Object, but interface was expected> (0x000000061fd75bc0) 
thrown [s\src\hotspot\share\interpreter\linkResolver.cpp, line 826]
Event: 0.617 Thread 0x000001e9edeacd10 Exception <a 'java/lang/NoSuchMethodError'{0x000000061fd81080}: 'void java.lang.invoke.DirectMethodHandle$Holder.invokeSpecial(java.lang.Object, java.lang.Object, java.lang.Object)'> (0x000000061fd81080) 
thrown [s\src\hotspot\share\interpreter\linkResolver.cpp, line 759]
Event: 0.619 Thread 0x000001e9edeacd10 Exception <a 'java/lang/NoSuchMethodError'{0x000000061fd9ced8}: 'java.lang.Object java.lang.invoke.DirectMethodHandle$Holder.newInvokeSpecial(java.lang.Object, java.lang.Object, java.lang.Object, int, java.lang.Object)'> (0x000000061fd9ced8) 
thrown [s\src\hotspot\share\interpreter\linkResolver.cpp, line 759]
Event: 0.620 Thread 0x000001e9edeacd10 Exception <a 'java/lang/NoSuchMethodError'{0x000000061fda4a98}: 'java.lang.Object java.lang.invoke.Invokers$Holder.linkToTargetMethod(java.lang.Object, java.lang.Object, int, java.lang.Object, java.lang.Object)'> (0x000000061fda4a98) 
thrown [s\src\hotspot\share\interpreter\linkResolver.cpp, line 759]
Event: 0.737 Thread 0x000001e9edeacd10 Exception <a 'java/lang/NoSuchMethodError'{0x000000061fbd3228}: 'int java.lang.invoke.DirectMethodHandle$Holder.invokeStaticInit(java.lang.Object, java.lang.Object)'> (0x000000061fbd3228) 
thrown [s\src\hotspot\share\interpreter\linkResolver.cpp, line 759]
Event: 0.761 Thread 0x000001e9edeacd10 Exception <a 'java/lang/NoSuchMethodError'{0x0000000620c9e520}: 'java.lang.Object java.lang.invoke.DirectMethodHandle$Holder.newInvokeSpecial(java.lang.Object, java.lang.Object, java.lang.Object, java.lang.Object, java.lang.Object)'> (0x0000000620c9e520) 
thrown [s\src\hotspot\share\interpreter\linkResolver.cpp, line 759]
Event: 0.763 Thread 0x000001e9edeacd10 Exception <a 'java/lang/NoSuchMethodError'{0x0000000620cb85f8}: 'java.lang.Object java.lang.invoke.DirectMethodHandle$Holder.invokeVirtual(java.lang.Object, java.lang.Object, java.lang.Object)'> (0x0000000620cb85f8) 
thrown [s\src\hotspot\share\interpreter\linkResolver.cpp, line 759]
Event: 0.766 Thread 0x000001e9edeacd10 Exception <a 'java/lang/NoSuchMethodError'{0x0000000620ce3ac8}: 'void java.lang.invoke.DirectMethodHandle$Holder.invokeSpecial(java.lang.Object, java.lang.Object, java.lang.Object, java.lang.Object, java.lang.Object)'> (0x0000000620ce3ac8) 
thrown [s\src\hotspot\share\interpreter\linkResolver.cpp, line 759]
Event: 0.768 Thread 0x000001e9edeacd10 Exception <a 'sun/nio/fs/WindowsException'{0x0000000620d0b1e0}> (0x0000000620d0b1e0) 
thrown [s\src\hotspot\share\prims\jni.cpp, line 516]
Event: 0.771 Thread 0x000001e9edeacd10 Exception <a 'java/lang/NoSuchMethodError'{0x0000000620d23358}: 'void java.lang.invoke.DirectMethodHandle$Holder.invokeVirtual(java.lang.Object, java.lang.Object)'> (0x0000000620d23358) 
thrown [s\src\hotspot\share\interpreter\linkResolver.cpp, line 759]
Event: 0.778 Thread 0x000001e9edeacd10 Exception <a 'java/lang/NoSuchMethodError'{0x0000000620d5d3b8}: 'void java.lang.invoke.DirectMethodHandle$Holder.invokeInterface(java.lang.Object, java.lang.Object, java.lang.Object)'> (0x0000000620d5d3b8) 
thrown [s\src\hotspot\share\interpreter\linkResolver.cpp, line 759]
Event: 0.795 Thread 0x000001e9edeacd10 Exception <a 'java/lang/NoSuchMethodError'{0x0000000620ee1528}: 'int java.lang.invoke.DirectMethodHandle$Holder.invokeStaticInit(java.lang.Object, java.lang.Object, java.lang.Object)'> (0x0000000620ee1528) 
thrown [s\src\hotspot\share\interpreter\linkResolver.cpp, line 759]
Event: 0.827 Thread 0x000001e9edeacd10 Exception <a 'java/lang/NoSuchMethodError'{0x0000000620890328}: 'int java.lang.invoke.DirectMethodHandle$Holder.invokeInterface(java.lang.Object, java.lang.Object)'> (0x0000000620890328) 
thrown [s\src\hotspot\share\interpreter\linkResolver.cpp, line 759]

VM Operations (20 events):
Event: 0.274 Executing VM operation: HandshakeAllThreads
Event: 0.274 Executing VM operation: HandshakeAllThreads done
Event: 0.439 Executing VM operation: HandshakeAllThreads
Event: 0.439 Executing VM operation: HandshakeAllThreads done
Event: 0.449 Executing VM operation: HandshakeAllThreads
Event: 0.450 Executing VM operation: HandshakeAllThreads done
Event: 0.458 Executing VM operation: HandshakeAllThreads
Event: 0.458 Executing VM operation: HandshakeAllThreads done
Event: 0.531 Executing VM operation: HandshakeAllThreads
Event: 0.531 Executing VM operation: HandshakeAllThreads done
Event: 0.582 Executing VM operation: HandshakeAllThreads
Event: 0.582 Executing VM operation: HandshakeAllThreads done
Event: 0.608 Executing VM operation: HandshakeAllThreads
Event: 0.608 Executing VM operation: HandshakeAllThreads done
Event: 0.694 Executing VM operation: HandshakeAllThreads
Event: 0.694 Executing VM operation: HandshakeAllThreads done
Event: 0.715 Executing VM operation: HandshakeAllThreads
Event: 0.715 Executing VM operation: HandshakeAllThreads done
Event: 0.741 Executing VM operation: G1CollectForAllocation
Event: 0.745 Executing VM operation: G1CollectForAllocation done

Events (14 events):
Event: 0.046 Thread 0x000001e9edeacd10 Thread added: 0x000001e9edeacd10
Event: 0.048 Thread 0x000001e9e008f830 Thread added: 0x000001e9e008f830
Event: 0.048 Thread 0x000001e9e00902c0 Thread added: 0x000001e9e00902c0
Event: 0.059 Thread 0x000001e9e00a9320 Thread added: 0x000001e9e00a9320
Event: 0.059 Thread 0x000001e9e00ab110 Thread added: 0x000001e9e00ab110
Event: 0.059 Thread 0x000001e9e00b0ae0 Thread added: 0x000001e9e00b0ae0
Event: 0.059 Thread 0x000001e9e00b0ff0 Thread added: 0x000001e9e00b0ff0
Event: 0.059 Thread 0x000001e9e00b8310 Thread added: 0x000001e9e00b8310
Event: 0.059 Thread 0x000001e9e00e2e70 Thread added: 0x000001e9e00e2e70
Event: 0.059 Thread 0x000001e9e00e6780 Thread added: 0x000001e9e00e6780
Event: 0.268 Thread 0x000001e9e00ad840 Thread added: 0x000001e9e00ad840
Event: 0.278 Thread 0x000001e9e01ff1f0 Thread added: 0x000001e9e01ff1f0
Event: 0.436 Thread 0x000001e9e00afbb0 Thread added: 0x000001e9e00afbb0
Event: 0.436 Thread 0x000001e9e00b00c0 Thread added: 0x000001e9e00b00c0


Dynamic libraries:
0x00007ff665c70000 - 0x00007ff665c7e000 	C:\Users\Administrator\.jdks\corretto-17.0.12\bin\java.exe
0x00007ffc366c0000 - 0x00007ffc368b0000 	C:\WINDOWS\SYSTEM32\ntdll.dll
0x00007ffc34ae0000 - 0x00007ffc34b92000 	C:\WINDOWS\System32\KERNEL32.DLL
0x00007ffc34160000 - 0x00007ffc34405000 	C:\WINDOWS\System32\KERNELBASE.dll
0x00007ffc34060000 - 0x00007ffc3415a000 	C:\WINDOWS\System32\ucrtbase.dll
0x00007ffc21e00000 - 0x00007ffc21e17000 	C:\Users\Administrator\.jdks\corretto-17.0.12\bin\jli.dll
0x00007ffc21240000 - 0x00007ffc2125b000 	C:\Users\Administrator\.jdks\corretto-17.0.12\bin\VCRUNTIME140.dll
0x00007ffc35880000 - 0x00007ffc35a14000 	C:\WINDOWS\System32\USER32.dll
0x00007ffc34740000 - 0x00007ffc34761000 	C:\WINDOWS\System32\win32u.dll
0x00007ffc34c90000 - 0x00007ffc34cb6000 	C:\WINDOWS\System32\GDI32.dll
0x00007ffc345a0000 - 0x00007ffc34736000 	C:\WINDOWS\System32\gdi32full.dll
0x00007ffc34470000 - 0x00007ffc3450e000 	C:\WINDOWS\System32\msvcp_win.dll
0x00007ffc238e0000 - 0x00007ffc23b64000 	C:\WINDOWS\WinSxS\amd64_microsoft.windows.common-controls_6595b64144ccf1df_6.0.18362.1256_none_9e7e379be45e40e2\COMCTL32.dll
0x00007ffc35a20000 - 0x00007ffc35abe000 	C:\WINDOWS\System32\msvcrt.dll
0x00007ffc34770000 - 0x00007ffc34aa6000 	C:\WINDOWS\System32\combase.dll
0x00007ffc35760000 - 0x00007ffc35880000 	C:\WINDOWS\System32\RPCRT4.dll
0x00007ffc34510000 - 0x00007ffc34591000 	C:\WINDOWS\System32\bcryptPrimitives.dll
0x00007ffc34c60000 - 0x00007ffc34c8e000 	C:\WINDOWS\System32\IMM32.DLL
0x0000000062840000 - 0x000000006284d000 	D:\Program Files (x86)\360\360Safe123020203\360Safe\safemon\SafeWrapper.dll
0x00007ffc365d0000 - 0x00007ffc36673000 	C:\WINDOWS\System32\ADVAPI32.dll
0x00007ffc35e20000 - 0x00007ffc35eb7000 	C:\WINDOWS\System32\sechost.dll
0x00007ffc1e450000 - 0x00007ffc1e553000 	D:\Program Files (x86)\360\360Safe123020203\360Safe\safemon\libzdtp64.dll
0x00007ffc34d50000 - 0x00007ffc35437000 	C:\WINDOWS\System32\SHELL32.dll
0x00007ffc33ea0000 - 0x00007ffc33eea000 	C:\WINDOWS\System32\cfgmgr32.dll
0x00007ffc35630000 - 0x00007ffc356d9000 	C:\WINDOWS\System32\shcore.dll
0x00007ffc33630000 - 0x00007ffc33db1000 	C:\WINDOWS\System32\windows.storage.dll
0x00007ffc33600000 - 0x00007ffc33623000 	C:\WINDOWS\System32\profapi.dll
0x00007ffc33570000 - 0x00007ffc335ba000 	C:\WINDOWS\System32\powrprof.dll
0x00007ffc33560000 - 0x00007ffc33570000 	C:\WINDOWS\System32\UMPDC.dll
0x00007ffc34ba0000 - 0x00007ffc34bf2000 	C:\WINDOWS\System32\shlwapi.dll
0x00007ffc335c0000 - 0x00007ffc335d1000 	C:\WINDOWS\System32\kernel.appcore.dll
0x00007ffc34040000 - 0x00007ffc34057000 	C:\WINDOWS\System32\cryptsp.dll
0x00007ffc330e0000 - 0x00007ffc330ea000 	C:\WINDOWS\SYSTEM32\VERSION.dll
0x00007ffc222f0000 - 0x00007ffc222fc000 	C:\Users\Administrator\.jdks\corretto-17.0.12\bin\vcruntime140_1.dll
0x00007ffc01d20000 - 0x00007ffc01dad000 	C:\Users\Administrator\.jdks\corretto-17.0.12\bin\msvcp140.dll
0x00007ffb8ce10000 - 0x00007ffb8da7a000 	C:\Users\Administrator\.jdks\corretto-17.0.12\bin\server\jvm.dll
0x00007ffc35f90000 - 0x00007ffc35fff000 	C:\WINDOWS\System32\WS2_32.dll
0x00007ffc313f0000 - 0x00007ffc31414000 	C:\WINDOWS\SYSTEM32\WINMM.dll
0x00007ffc30e70000 - 0x00007ffc30e9d000 	C:\WINDOWS\SYSTEM32\winmmbase.dll
0x00007ffc17210000 - 0x00007ffc1721a000 	C:\Users\Administrator\.jdks\corretto-17.0.12\bin\jimage.dll
0x00007ffc1b4d0000 - 0x00007ffc1b6c4000 	C:\WINDOWS\SYSTEM32\DBGHELP.DLL
0x00007ffc1b3c0000 - 0x00007ffc1b3ea000 	C:\WINDOWS\SYSTEM32\dbgcore.DLL
0x00007ffc081e0000 - 0x00007ffc081ee000 	C:\Users\Administrator\.jdks\corretto-17.0.12\bin\instrument.dll
0x00007ffc136d0000 - 0x00007ffc136f5000 	C:\Users\Administrator\.jdks\corretto-17.0.12\bin\java.dll
0x00007ffbaa900000 - 0x00007ffbaa9d7000 	C:\Users\Administrator\.jdks\corretto-17.0.12\bin\jsvml.dll
0x00007ffc0ef40000 - 0x00007ffc0ef58000 	C:\Users\Administrator\.jdks\corretto-17.0.12\bin\zip.dll
0x00007ffc12810000 - 0x00007ffc12829000 	C:\Users\Administrator\.jdks\corretto-17.0.12\bin\net.dll
0x00007ffc2d440000 - 0x00007ffc2d530000 	C:\WINDOWS\SYSTEM32\WINHTTP.dll
0x00007ffc32ce0000 - 0x00007ffc32d47000 	C:\WINDOWS\system32\mswsock.dll
0x00007ffc0f510000 - 0x00007ffc0f526000 	C:\Users\Administrator\.jdks\corretto-17.0.12\bin\nio.dll
0x00007ffc01d00000 - 0x00007ffc01d1a000 	C:\Program Files\JetBrains\IntelliJ IDEA 2020.2.1\bin\breakgen64.dll
0x00007ffc081d0000 - 0x00007ffc081d9000 	C:\Users\Administrator\.jdks\corretto-17.0.12\bin\extnet.dll
0x00007ffc32850000 - 0x00007ffc32883000 	C:\WINDOWS\system32\rsaenh.dll
0x00007ffc33e70000 - 0x00007ffc33e96000 	C:\WINDOWS\System32\bcrypt.dll
0x00007ffc33440000 - 0x00007ffc33465000 	C:\WINDOWS\SYSTEM32\USERENV.dll

dbghelp: loaded successfully - version: 4.0.5 - missing functions: none
symbol engine: initialized successfully - sym options: 0x614 - pdb path: .;C:\Users\Administrator\.jdks\corretto-17.0.12\bin;C:\WINDOWS\SYSTEM32;C:\WINDOWS\WinSxS\amd64_microsoft.windows.common-controls_6595b64144ccf1df_6.0.18362.1256_none_9e7e379be45e40e2;D:\Program Files (x86)\360\360Safe123020203\360Safe\safemon;C:\Users\Administrator\.jdks\corretto-17.0.12\bin\server;C:\Program Files\JetBrains\IntelliJ IDEA 2020.2.1\bin

VM Arguments:
jvm_args: -javaagent:C:\Program Files\JetBrains\IntelliJ IDEA 2020.2.1\lib\idea_rt.jar=11841:C:\Program Files\JetBrains\IntelliJ IDEA 2020.2.1\bin -Dfile.encoding=UTF-8 
java_command: com.xiuxian.xiuxianserver.util.JsonExporter
java_class_path (initial): D:\workspace\java\target\classes;D:\workspace\java\lib\javax.annotation.jar;D:\workspace\java\lib\javax.transaction.jar;D:\workspace\java\lib\javax.jms.jar;D:\workspace\java\lib\javax.servlet.jsp.jstl.jar;D:\workspace\java\lib\javax.resource.jar;D:\workspace\java\lib\javax.ejb.jar;D:\workspace\java\lib\javax.servlet.jar;D:\workspace\java\lib\javax.servlet.jsp.jar;D:\workspace\java\lib\javax.persistence.jar;C:\Users\Administrator\.m2\repository\org\springframework\boot\spring-boot-starter-data-jpa\3.3.4\spring-boot-starter-data-jpa-3.3.4.jar;C:\Users\Administrator\.m2\repository\org\springframework\boot\spring-boot-starter-aop\3.3.4\spring-boot-starter-aop-3.3.4.jar;C:\Users\Administrator\.m2\repository\org\aspectj\aspectjweaver\1.9.22.1\aspectjweaver-1.9.22.1.jar;C:\Users\Administrator\.m2\repository\org\springframework\boot\spring-boot-starter-jdbc\3.3.4\spring-boot-starter-jdbc-3.3.4.jar;C:\Users\Administrator\.m2\repository\com\zaxxer\HikariCP\5.1.0\HikariCP-5.1.0.jar;C:\Users\Administrator\.m2\repository\org\springframework\spring-jdbc\6.1.13\spring-jdbc-6.1.13.jar;C:\Users\Administrator\.m2\repository\org\hibernate\orm\hibernate-core\6.5.3.Final\hibernate-core-6.5.3.Final.jar;C:\Users\Administrator\.m2\repository\jakarta\persistence\jakarta.persistence-api\3.1.0\jakarta.persistence-api-3.1.0.jar;C:\Users\Administrator\.m2\repository\jakarta\transaction\jakarta.transaction-api\2.0.1\jakarta.transaction-api-2.0.1.jar;C:\Users\Administrator\.m2\repository\org\jboss\logging\jboss-logging\3.5.3.Final\jboss-logging-3.5.3.Final.jar;C:\Users\Administrator\.m2\repository\org\hibernate\common\hibernate-commons-annotations\6.0.6.Final\hibernate-commons-annotations-6.0.6.Final.jar;C:\Users\Administrator\.m2\repository\io\smallrye\jandex\3.1.2\jandex-3.1.2.jar;C:\Users\Administrator\.m2\repository\net\bytebuddy\byte-buddy\1.14.19\byte-buddy-1.14.19.jar;C:\Users\Administrator\.m2\repository\org\glassfish\jaxb\jaxb-runtime\4.0.5\jaxb-runtime-4.0.5
Launcher Type: SUN_STANDARD

[Global flags]
     intx CICompilerCount                          = 4                                         {product} {ergonomic}
     uint ConcGCThreads                            = 3                                         {product} {ergonomic}
     uint G1ConcRefinementThreads                  = 10                                        {product} {ergonomic}
   size_t G1HeapRegionSize                         = 4194304                                   {product} {ergonomic}
    uintx GCDrainStackTargetSize                   = 64                                        {product} {ergonomic}
   size_t InitialHeapSize                          = 536870912                                 {product} {ergonomic}
   size_t MarkStackSize                            = 4194304                                   {product} {ergonomic}
   size_t MaxHeapSize                              = 8573157376                                {product} {ergonomic}
   size_t MaxNewSize                               = 5142216704                                {product} {ergonomic}
   size_t MinHeapDeltaBytes                        = 4194304                                   {product} {ergonomic}
   size_t MinHeapSize                              = 8388608                                   {product} {ergonomic}
    uintx NonNMethodCodeHeapSize                   = 5839372                                {pd product} {ergonomic}
    uintx NonProfiledCodeHeapSize                  = 122909434                              {pd product} {ergonomic}
    uintx ProfiledCodeHeapSize                     = 122909434                              {pd product} {ergonomic}
    uintx ReservedCodeCacheSize                    = 251658240                              {pd product} {ergonomic}
     bool SegmentedCodeCache                       = true                                      {product} {ergonomic}
   size_t SoftMaxHeapSize                          = 8573157376                             {manageable} {ergonomic}
     bool UseCompressedClassPointers               = true                           {product lp64_product} {ergonomic}
     bool UseCompressedOops                        = true                           {product lp64_product} {ergonomic}
     bool UseG1GC                                  = true                                      {product} {ergonomic}
     bool UseLargePagesIndividualAllocation        = false                                  {pd product} {ergonomic}

Logging:
Log output configuration:
 #0: stdout all=warning uptime,level,tags
 #1: stderr all=off uptime,level,tags

Environment Variables:
JAVA_HOME=C:\Program Files\Java\jdk-17
CLASSPATH=.;C:\Program Files\Java\jdk-17\lib;C:\Program Files\Java\jdk-17\lib\tools.jar
PATH=C:\Program Files\Common Files\Oracle\Java\javapath;C:\Program Files (x86)\Common Files\Oracle\Java\javapath;C:\Python38\Scripts\;C:\Python38\;C:\Program Files (x86)\Razer Chroma SDK\bin;C:\Program Files\Razer Chroma SDK\bin;C:\Program Files (x86)\Razer\ChromaBroadcast\bin;C:\Program Files\Razer\ChromaBroadcast\bin;C:\Windows\system32;C:\Windows;C:\Windows\System32\Wbem;C:\Windows\System32\WindowsPowerShell\v1.0\;C:\Program Files (x86)\NVIDIA Corporation\PhysX\Common;C:\Program Files\NVIDIA Corporation\NVIDIA NvDLISR;C:\Program Files\MariaDB 10.3\bin;C:\Users\Administrator\AppData\Local\Programs\Python\Python37-32\Scripts\;C:\Users\Administrator\AppData\Local\Programs\Python\Python37-32\;C:\Users\Administrator\AppData\Local\Microsoft\WindowsApps;d:\Program Files\JetBrains\PyCharm 2019.1.2\bin;C:\flutter\bin;C:\Program Files\protoc-3.8.0-win64\bin;D:\platform-tools;C:\Windows\system32\config\systemprofile\AppData\Local\Microsoft\WindowsApps;C:\WINDOWS\System32\OpenSSH\;C:\Program Files (x86)\mitmproxy\bin;C:\ProgramData\chocolatey\bin;C:\Program Files\Dart\dart-sdk\bin;"C:\Users\Administrator\AppData\Local\Android\Sdk\platform-tools;C:\Users\Administrator\AppData\Local\Android\Sdk\tools";%ANDROID_SDK_ROOT%\platform-tools;%ANT_ROOT%;%NDK_ROOT%;C:\Users\Administrator\AppData\Local\Android\Sdk\platform-tools;C:\Users\Administrator\AppData\Local\Android\Sdk\build-tools\28.0.3;C:\Program Files\nodejs\;C:\Program Files\TortoiseGit\bin;C:\WINDOWS\system32;C:\WINDOWS;C:\WINDOWS\System32\Wbem;C:\WINDOWS\System32\WindowsPowerShell\v1.0\;C:\Program Files (x86)\Microsoft VS Code\bin;D:\Program Files\PuTTY\;C:\Program Files\JetBrains\IntelliJ IDEA 2020.2.1\plugins\maven\lib\maven3\bin;C:\Program Files\Java\jdk-17\bin;C:\Program Files\Java\jdk-17\jre\bin;C:\Program Files (x86)\NetSarang\Xshell 7\;C:\Program Files\Redis\;C:\Program Files\Git\cmd;C:\Program Files\Microsoft VS Code\bin;C:\Program Files\dotnet\;D:\Program Files\Spine;C:\Program Files (x86)\dotnet\;e:\Program Files\JS
USERNAME=Administrator
OS=Windows_NT
PROCESSOR_IDENTIFIER=Intel64 Family 6 Model 158 Stepping 10, GenuineIntel
TMP=C:\Users\Administrator\AppData\Local\Temp
TEMP=C:\Users\Administrator\AppData\Local\Temp



Periodic native trim disabled


---------------  S Y S T E M  ---------------

OS:
 Windows 10 , 64 bit Build 18362 (10.0.18362.1110)
OS uptime: 1 days 14:05 hours

CPU: total 12 (initial active 12) (6 cores per cpu, 2 threads per core) family 6 model 158 stepping 10 microcode 0x96, cx8, cmov, fxsr, ht, mmx, 3dnowpref, sse, sse2, sse3, ssse3, sse4.1, sse4.2, popcnt, lzcnt, tsc, tscinvbit, avx, avx2, aes, erms, clmul, bmi1, bmi2, rtm, adx, fma, vzeroupper, clflush, clflushopt
Processor Information for all 12 processors :
  Max Mhz: 3696, Current Mhz: 3696, Mhz Limit: 3696

Memory: 4k page, system-wide physical 32698M (7305M free)
TotalPageFile size 32698M (AvailPageFile size 3M)
current process WorkingSet (physical memory assigned to process): 98M, peak: 98M
current process commit charge ("private bytes"): 641M, peak: 641M

vm_info: OpenJDK 64-Bit Server VM (17.0.12+7-LTS) for windows-amd64 JRE (17.0.12+7-LTS), built on Jul 10 2024 20:46:33 by "Administrator" with MS VC++ 16.10 / 16.11 (VS2019)

END.
