#
# There is insufficient memory for the Java Runtime Environment to continue.
# Native memory allocation (mmap) failed to map 536870912 bytes. Error detail: G1 virtual space
# Possible reasons:
#   The system is out of physical RAM or swap space
#   This process is running with CompressedOops enabled, and the Java Heap may be blocking the growth of the native heap
# Possible solutions:
#   Reduce memory load on the system
#   Increase physical memory or swap space
#   Check if swap backing store is full
#   Decrease Java heap size (-Xmx/-Xms)
#   Decrease number of Java threads
#   Decrease Java thread stack sizes (-Xss)
#   Set larger code cache with -XX:ReservedCodeCacheSize=
#   JVM is running with Zero Based Compressed Oops mode in which the Java heap is
#     placed in the first 32GB address space. The Java Heap base address is the
#     maximum limit for the native heap growth. Please use -XX:HeapBaseMinAddress
#     to set the Java Heap base and to place the Java Heap above 32GB virtual address.
# This output file may be truncated or incomplete.
#
#  Out of Memory Error (os_windows.cpp:3613), pid=26800, tid=32508
#
# JRE version:  (17.0.12+7) (build )
# Java VM: OpenJDK 64-Bit Server VM (17.0.12+7-LTS, mixed mode, sharing, tiered, compressed oops, compressed class ptrs, g1 gc, windows-amd64)
# No core dump will be written. Minidumps are not enabled by default on client versions of Windows
#

---------------  S U M M A R Y ------------

Command Line: -javaagent:C:\Program Files\JetBrains\IntelliJ IDEA 2020.2.1\lib\idea_rt.jar=11764:C:\Program Files\JetBrains\IntelliJ IDEA 2020.2.1\bin -Dfile.encoding=UTF-8 com.xiuxian.xiuxianserver.util.SchemaGenerator

Host: Intel(R) Core(TM) i7-8700K CPU @ 3.70GHz, 12 cores, 31G,  Windows 10 , 64 bit Build 18362 (10.0.18362.1110)
Time: Thu Oct 17 10:26:25 2024 中国标准时间 elapsed time: 0.038846 seconds (0d 0h 0m 0s)

---------------  T H R E A D  ---------------

Current thread (0x0000022513e5bfd0):  JavaThread "Unknown thread" [_thread_in_vm, id=32508, stack(0x0000005479200000,0x0000005479300000)]

Stack: [0x0000005479200000,0x0000005479300000]
Native frames: (J=compiled Java code, j=interpreted, Vv=VM code, C=native code)
V  [jvm.dll+0x67f4f9]
V  [jvm.dll+0x836eaa]
V  [jvm.dll+0x83896e]
V  [jvm.dll+0x838fd3]
V  [jvm.dll+0x247f6f]
V  [jvm.dll+0x67c2b9]
V  [jvm.dll+0x670d7a]
V  [jvm.dll+0x307b5b]
V  [jvm.dll+0x30f046]
V  [jvm.dll+0x35f22e]
V  [jvm.dll+0x35f46f]
V  [jvm.dll+0x2deb7c]
V  [jvm.dll+0x2dfad4]
V  [jvm.dll+0x80870b]
V  [jvm.dll+0x36cfa1]
V  [jvm.dll+0x7e70f5]
V  [jvm.dll+0x3f0adf]
V  [jvm.dll+0x3f2631]
C  [jli.dll+0x528f]
C  [ucrtbase.dll+0x210b2]
C  [KERNEL32.DLL+0x17c24]
C  [ntdll.dll+0x6d4d1]


---------------  P R O C E S S  ---------------

Threads class SMR info:
_java_thread_list=0x00007ffb10d26f18, length=0, elements={
}

Java Threads: ( => current thread )

Other Threads:
  0x0000022513e891d0 GCTaskThread "GC Thread#0" [stack: 0x0000005479300000,0x0000005479400000] [id=30180]
  0x0000022513e9a7d0 ConcurrentGCThread "G1 Main Marker" [stack: 0x0000005479400000,0x0000005479500000] [id=29060]
  0x0000022513e9b990 ConcurrentGCThread "G1 Conc#0" [stack: 0x0000005479500000,0x0000005479600000] [id=4760]

[error occurred during error reporting (printing all threads), id 0xc0000005, EXCEPTION_ACCESS_VIOLATION (0xc0000005) at pc=0x00007ffb104df277]

VM state: not at safepoint (not fully initialized)

VM Mutex/Monitor currently owned by a thread:  ([mutex/lock_event])
[0x0000022513e594a0] Heap_lock - owner thread: 0x0000022513e5bfd0

Heap address: 0x0000000601000000, size: 8176 MB, Compressed Oops mode: Zero based, Oop shift amount: 3

CDS archive(s) mapped at: [0x0000000000000000-0x0000000000000000-0x0000000000000000), size 0, SharedBaseAddress: 0x0000000800000000, ArchiveRelocationMode: 1.
Narrow klass base: 0x0000000000000000, Narrow klass shift: 0, Narrow klass range: 0x0

GC Precious Log:
<Empty>

Heap:
 garbage-first heap   total 0K, used 0K [0x0000000601000000, 0x0000000800000000)
  region size 4096K, 0 young (0K), 0 survivors (0K)

[error occurred during error reporting (printing heap information), id 0xc0000005, EXCEPTION_ACCESS_VIOLATION (0xc0000005) at pc=0x00007ffb108c8829]

GC Heap History (0 events):
No events

Dll operation events (1 events):
Event: 0.024 Loaded shared library C:\Users\Administrator\.jdks\corretto-17.0.12\bin\java.dll

Deoptimization events (0 events):
No events

Classes loaded (0 events):
No events

Classes unloaded (0 events):
No events

Classes redefined (0 events):
No events

Internal exceptions (0 events):
No events

VM Operations (0 events):
No events

Events (0 events):
No events


Dynamic libraries:
0x00007ff6d50d0000 - 0x00007ff6d50de000 	C:\Users\Administrator\.jdks\corretto-17.0.12\bin\java.exe
0x00007ffb5d3c0000 - 0x00007ffb5d5b0000 	C:\WINDOWS\SYSTEM32\ntdll.dll
0x00007ffb5cd10000 - 0x00007ffb5cdc2000 	C:\WINDOWS\System32\KERNEL32.DLL
0x00007ffb5ae80000 - 0x00007ffb5b125000 	C:\WINDOWS\System32\KERNELBASE.dll
0x00007ffb5b130000 - 0x00007ffb5b22a000 	C:\WINDOWS\System32\ucrtbase.dll
0x00007ffb401a0000 - 0x00007ffb401b7000 	C:\Users\Administrator\.jdks\corretto-17.0.12\bin\jli.dll
0x00007ffb3ffd0000 - 0x00007ffb3ffeb000 	C:\Users\Administrator\.jdks\corretto-17.0.12\bin\VCRUNTIME140.dll
0x00007ffb5c8e0000 - 0x00007ffb5ca74000 	C:\WINDOWS\System32\USER32.dll
0x00007ffb5ada0000 - 0x00007ffb5adc1000 	C:\WINDOWS\System32\win32u.dll
0x00007ffb5b4f0000 - 0x00007ffb5b516000 	C:\WINDOWS\System32\GDI32.dll
0x00007ffb5a470000 - 0x00007ffb5a606000 	C:\WINDOWS\System32\gdi32full.dll
0x00007ffb5b3d0000 - 0x00007ffb5b46e000 	C:\WINDOWS\System32\msvcp_win.dll
0x00007ffb4a960000 - 0x00007ffb4abe4000 	C:\WINDOWS\WinSxS\amd64_microsoft.windows.common-controls_6595b64144ccf1df_6.0.18362.1256_none_9e7e379be45e40e2\COMCTL32.dll
0x00007ffb5ba00000 - 0x00007ffb5ba9e000 	C:\WINDOWS\System32\msvcrt.dll
0x00007ffb5b520000 - 0x00007ffb5b856000 	C:\WINDOWS\System32\combase.dll
0x00007ffb5c650000 - 0x00007ffb5c770000 	C:\WINDOWS\System32\RPCRT4.dll
0x00007ffb5a3e0000 - 0x00007ffb5a461000 	C:\WINDOWS\System32\bcryptPrimitives.dll
0x00007ffb5b9c0000 - 0x00007ffb5b9ee000 	C:\WINDOWS\System32\IMM32.DLL
0x000000005fa30000 - 0x000000005fa3d000 	D:\Program Files (x86)\360\360Safe123020203\360Safe\safemon\SafeWrapper.dll
0x00007ffb5cc60000 - 0x00007ffb5cd03000 	C:\WINDOWS\System32\ADVAPI32.dll
0x00007ffb5ca80000 - 0x00007ffb5cb17000 	C:\WINDOWS\System32\sechost.dll
0x00007ffb453d0000 - 0x00007ffb454d3000 	D:\Program Files (x86)\360\360Safe123020203\360Safe\safemon\libzdtp64.dll
0x00007ffb5bf60000 - 0x00007ffb5c647000 	C:\WINDOWS\System32\SHELL32.dll
0x00007ffb5add0000 - 0x00007ffb5ae1a000 	C:\WINDOWS\System32\cfgmgr32.dll
0x00007ffb5baa0000 - 0x00007ffb5bb49000 	C:\WINDOWS\System32\shcore.dll
0x00007ffb5a610000 - 0x00007ffb5ad91000 	C:\WINDOWS\System32\windows.storage.dll
0x00007ffb5a2e0000 - 0x00007ffb5a303000 	C:\WINDOWS\System32\profapi.dll
0x00007ffb5a290000 - 0x00007ffb5a2da000 	C:\WINDOWS\System32\powrprof.dll
0x00007ffb5a260000 - 0x00007ffb5a270000 	C:\WINDOWS\System32\UMPDC.dll
0x00007ffb5d320000 - 0x00007ffb5d372000 	C:\WINDOWS\System32\shlwapi.dll
0x00007ffb5a270000 - 0x00007ffb5a281000 	C:\WINDOWS\System32\kernel.appcore.dll
0x00007ffb5b230000 - 0x00007ffb5b247000 	C:\WINDOWS\System32\cryptsp.dll
0x00007ffb59de0000 - 0x00007ffb59dea000 	C:\WINDOWS\SYSTEM32\VERSION.dll
0x00007ffb569e0000 - 0x00007ffb569ec000 	C:\Users\Administrator\.jdks\corretto-17.0.12\bin\vcruntime140_1.dll
0x00007ffb328f0000 - 0x00007ffb3297d000 	C:\Users\Administrator\.jdks\corretto-17.0.12\bin\msvcp140.dll
0x00007ffb101f0000 - 0x00007ffb10e5a000 	C:\Users\Administrator\.jdks\corretto-17.0.12\bin\server\jvm.dll
0x00007ffb5bc00000 - 0x00007ffb5bc6f000 	C:\WINDOWS\System32\WS2_32.dll
0x00007ffb58210000 - 0x00007ffb58234000 	C:\WINDOWS\SYSTEM32\WINMM.dll
0x00007ffb580c0000 - 0x00007ffb580ed000 	C:\WINDOWS\SYSTEM32\winmmbase.dll
0x00007ffb4b4e0000 - 0x00007ffb4b4ea000 	C:\Users\Administrator\.jdks\corretto-17.0.12\bin\jimage.dll
0x00007ffb425a0000 - 0x00007ffb42794000 	C:\WINDOWS\SYSTEM32\DBGHELP.DLL
0x00007ffb42470000 - 0x00007ffb4249a000 	C:\WINDOWS\SYSTEM32\dbgcore.DLL
0x00007ffb32890000 - 0x00007ffb3289e000 	C:\Users\Administrator\.jdks\corretto-17.0.12\bin\instrument.dll
0x00007ffb3b680000 - 0x00007ffb3b6a5000 	C:\Users\Administrator\.jdks\corretto-17.0.12\bin\java.dll

dbghelp: loaded successfully - version: 4.0.5 - missing functions: none
symbol engine: initialized successfully - sym options: 0x614 - pdb path: .;C:\Users\Administrator\.jdks\corretto-17.0.12\bin;C:\WINDOWS\SYSTEM32;C:\WINDOWS\WinSxS\amd64_microsoft.windows.common-controls_6595b64144ccf1df_6.0.18362.1256_none_9e7e379be45e40e2;D:\Program Files (x86)\360\360Safe123020203\360Safe\safemon;C:\Users\Administrator\.jdks\corretto-17.0.12\bin\server

VM Arguments:
jvm_args: -javaagent:C:\Program Files\JetBrains\IntelliJ IDEA 2020.2.1\lib\idea_rt.jar=11764:C:\Program Files\JetBrains\IntelliJ IDEA 2020.2.1\bin -Dfile.encoding=UTF-8 
java_command: com.xiuxian.xiuxianserver.util.SchemaGenerator
java_class_path (initial): D:\workspace\java\target\classes;D:\workspace\java\lib\javax.annotation.jar;D:\workspace\java\lib\javax.transaction.jar;D:\workspace\java\lib\javax.jms.jar;D:\workspace\java\lib\javax.servlet.jsp.jstl.jar;D:\workspace\java\lib\javax.resource.jar;D:\workspace\java\lib\javax.ejb.jar;D:\workspace\java\lib\javax.servlet.jar;D:\workspace\java\lib\javax.servlet.jsp.jar;D:\workspace\java\lib\javax.persistence.jar;C:\Users\Administrator\.m2\repository\org\springframework\boot\spring-boot-starter-data-jpa\3.3.4\spring-boot-starter-data-jpa-3.3.4.jar;C:\Users\Administrator\.m2\repository\org\springframework\boot\spring-boot-starter-aop\3.3.4\spring-boot-starter-aop-3.3.4.jar;C:\Users\Administrator\.m2\repository\org\aspectj\aspectjweaver\1.9.22.1\aspectjweaver-1.9.22.1.jar;C:\Users\Administrator\.m2\repository\org\springframework\boot\spring-boot-starter-jdbc\3.3.4\spring-boot-starter-jdbc-3.3.4.jar;C:\Users\Administrator\.m2\repository\com\zaxxer\HikariCP\5.1.0\HikariCP-5.1.0.jar;C:\Users\Administrator\.m2\repository\org\springframework\spring-jdbc\6.1.13\spring-jdbc-6.1.13.jar;C:\Users\Administrator\.m2\repository\org\hibernate\orm\hibernate-core\6.5.3.Final\hibernate-core-6.5.3.Final.jar;C:\Users\Administrator\.m2\repository\jakarta\transaction\jakarta.transaction-api\2.0.1\jakarta.transaction-api-2.0.1.jar;C:\Users\Administrator\.m2\repository\org\jboss\logging\jboss-logging\3.5.3.Final\jboss-logging-3.5.3.Final.jar;C:\Users\Administrator\.m2\repository\org\hibernate\common\hibernate-commons-annotations\6.0.6.Final\hibernate-commons-annotations-6.0.6.Final.jar;C:\Users\Administrator\.m2\repository\io\smallrye\jandex\3.1.2\jandex-3.1.2.jar;C:\Users\Administrator\.m2\repository\net\bytebuddy\byte-buddy\1.14.19\byte-buddy-1.14.19.jar;C:\Users\Administrator\.m2\repository\org\glassfish\jaxb\jaxb-runtime\4.0.5\jaxb-runtime-4.0.5.jar;C:\Users\Administrator\.m2\repository\org\glassfish\jaxb\jaxb-core\4.0.5\jaxb-core-4.0.5.jar;C:\Users\Administrator\.
Launcher Type: SUN_STANDARD

[Global flags]
     intx CICompilerCount                          = 4                                         {product} {ergonomic}
     uint ConcGCThreads                            = 3                                         {product} {ergonomic}
     uint G1ConcRefinementThreads                  = 10                                        {product} {ergonomic}
   size_t G1HeapRegionSize                         = 4194304                                   {product} {ergonomic}
    uintx GCDrainStackTargetSize                   = 64                                        {product} {ergonomic}
   size_t InitialHeapSize                          = 536870912                                 {product} {ergonomic}
   size_t MarkStackSize                            = 4194304                                   {product} {ergonomic}
   size_t MaxHeapSize                              = 8573157376                                {product} {ergonomic}
   size_t MinHeapDeltaBytes                        = 4194304                                   {product} {ergonomic}
   size_t MinHeapSize                              = 8388608                                   {product} {ergonomic}
    uintx NonNMethodCodeHeapSize                   = 5839372                                {pd product} {ergonomic}
    uintx NonProfiledCodeHeapSize                  = 122909434                              {pd product} {ergonomic}
    uintx ProfiledCodeHeapSize                     = 122909434                              {pd product} {ergonomic}
    uintx ReservedCodeCacheSize                    = 251658240                              {pd product} {ergonomic}
     bool SegmentedCodeCache                       = true                                      {product} {ergonomic}
   size_t SoftMaxHeapSize                          = 8573157376                             {manageable} {ergonomic}
     bool UseCompressedClassPointers               = true                           {product lp64_product} {ergonomic}
     bool UseCompressedOops                        = true                           {product lp64_product} {ergonomic}
     bool UseG1GC                                  = true                                      {product} {ergonomic}
     bool UseLargePagesIndividualAllocation        = false                                  {pd product} {ergonomic}

Logging:
Log output configuration:
 #0: stdout all=warning uptime,level,tags
 #1: stderr all=off uptime,level,tags

Environment Variables:
JAVA_HOME=C:\Program Files\Java\jdk-17
CLASSPATH=.;C:\Program Files\Java\jdk-17\lib;C:\Program Files\Java\jdk-17\lib\tools.jar
PATH=C:\Program Files\Common Files\Oracle\Java\javapath;C:\Program Files (x86)\Common Files\Oracle\Java\javapath;C:\Python38\Scripts\;C:\Python38\;C:\Program Files (x86)\Razer Chroma SDK\bin;C:\Program Files\Razer Chroma SDK\bin;C:\Program Files (x86)\Razer\ChromaBroadcast\bin;C:\Program Files\Razer\ChromaBroadcast\bin;C:\Windows\system32;C:\Windows;C:\Windows\System32\Wbem;C:\Windows\System32\WindowsPowerShell\v1.0\;C:\Program Files (x86)\NVIDIA Corporation\PhysX\Common;C:\Program Files\NVIDIA Corporation\NVIDIA NvDLISR;C:\Program Files\MariaDB 10.3\bin;C:\Users\Administrator\AppData\Local\Programs\Python\Python37-32\Scripts\;C:\Users\Administrator\AppData\Local\Programs\Python\Python37-32\;C:\Users\Administrator\AppData\Local\Microsoft\WindowsApps;d:\Program Files\JetBrains\PyCharm 2019.1.2\bin;C:\flutter\bin;C:\Program Files\protoc-3.8.0-win64\bin;D:\platform-tools;C:\Windows\system32\config\systemprofile\AppData\Local\Microsoft\WindowsApps;C:\WINDOWS\System32\OpenSSH\;C:\Program Files (x86)\mitmproxy\bin;C:\ProgramData\chocolatey\bin;C:\Program Files\Dart\dart-sdk\bin;"C:\Users\Administrator\AppData\Local\Android\Sdk\platform-tools;C:\Users\Administrator\AppData\Local\Android\Sdk\tools";%ANDROID_SDK_ROOT%\platform-tools;%ANT_ROOT%;%NDK_ROOT%;C:\Users\Administrator\AppData\Local\Android\Sdk\platform-tools;C:\Users\Administrator\AppData\Local\Android\Sdk\build-tools\28.0.3;C:\Program Files\nodejs\;C:\Program Files\TortoiseGit\bin;C:\WINDOWS\system32;C:\WINDOWS;C:\WINDOWS\System32\Wbem;C:\WINDOWS\System32\WindowsPowerShell\v1.0\;C:\Program Files (x86)\Microsoft VS Code\bin;D:\Program Files\PuTTY\;C:\Program Files\JetBrains\IntelliJ IDEA 2020.2.1\plugins\maven\lib\maven3\bin;C:\Program Files\Java\jdk-17\bin;C:\Program Files\Java\jdk-17\jre\bin;C:\Program Files (x86)\NetSarang\Xshell 7\;C:\Program Files\Redis\;C:\Program Files\Git\cmd;C:\Program Files\Microsoft VS Code\bin;C:\Program Files\dotnet\;D:\Program Files\Spine;C:\Program Files (x86)\dotnet\;C:\Program Files\Ja
USERNAME=Administrator
OS=Windows_NT
PROCESSOR_IDENTIFIER=Intel64 Family 6 Model 158 Stepping 10, GenuineIntel
TMP=C:\Users\Administrator\AppData\Local\Temp
TEMP=C:\Users\Administrator\AppData\Local\Temp



Periodic native trim disabled


---------------  S Y S T E M  ---------------

OS:
 Windows 10 , 64 bit Build 18362 (10.0.18362.1110)
OS uptime: 1 days 15:53 hours

CPU: total 12 (initial active 12) (6 cores per cpu, 2 threads per core) family 6 model 158 stepping 10 microcode 0x96, cx8, cmov, fxsr, ht, mmx, 3dnowpref, sse, sse2, sse3, ssse3, sse4.1, sse4.2, popcnt, lzcnt, tsc, tscinvbit, avx, avx2, aes, erms, clmul, bmi1, bmi2, rtm, adx, fma, vzeroupper, clflush, clflushopt
Processor Information for all 12 processors :
  Max Mhz: 3696, Current Mhz: 3696, Mhz Limit: 3696

Memory: 4k page, system-wide physical 32698M (9220M free)
TotalPageFile size 32698M (AvailPageFile size 475M)
current process WorkingSet (physical memory assigned to process): 13M, peak: 13M
current process commit charge ("private bytes"): 65M, peak: 577M

vm_info: OpenJDK 64-Bit Server VM (17.0.12+7-LTS) for windows-amd64 JRE (17.0.12+7-LTS), built on Jul 10 2024 20:46:33 by "Administrator" with MS VC++ 16.10 / 16.11 (VS2019)

END.
